<?xml version="1.0" encoding="UTF-8"?>
<testng-results ignored="0" total="5" passed="2" failed="3" skipped="0">
  <reporter-output>
  </reporter-output>
  <suite started-at="2023-11-09T17:22:41 IST" name="Suite" finished-at="2023-11-09T17:23:09 IST" duration-ms="27855">
    <groups>
    </groups>
    <test started-at="2023-11-09T17:22:41 IST" name="Test" finished-at="2023-11-09T17:23:09 IST" duration-ms="27855">
      <class name="com.TechAssessment02.RegisterTest">
        <test-method is-config="true" signature="launch()[pri:0, instance:com.TechAssessment02.RegisterTest@72cc7e6f]" started-at="2023-11-09T17:22:52 IST" name="launch" finished-at="2023-11-09T17:23:00 IST" duration-ms="7673" status="PASS">
          <reporter-output>
          </reporter-output>
        </test-method> <!-- launch -->
        <test-method signature="loginTest(java.lang.String,java.lang.String)[pri:0, instance:com.TechAssessment02.RegisterTest@72cc7e6f]" started-at="2023-11-09T17:23:00 IST" name="loginTest" data-provider="loginData" finished-at="2023-11-09T17:23:02 IST" duration-ms="1592" status="PASS">
          <params>
            <param index="0">
              <value>
                <![CDATA[Vinothbcr74@gmail.com]]>
              </value>
            </param>
            <param index="1">
              <value>
                <![CDATA[Vinothkumar@74]]>
              </value>
            </param>
          </params>
          <reporter-output>
          </reporter-output>
        </test-method> <!-- loginTest -->
        <test-method is-config="true" signature="dropup()[pri:0, instance:com.TechAssessment02.RegisterTest@72cc7e6f]" started-at="2023-11-09T17:23:02 IST" name="dropup" finished-at="2023-11-09T17:23:02 IST" duration-ms="1" status="PASS">
          <reporter-output>
          </reporter-output>
        </test-method> <!-- dropup -->
        <test-method signature="testLogin(java.lang.String,java.lang.String,boolean)[pri:0, instance:com.TechAssessment02.RegisterTest@72cc7e6f]" started-at="2023-11-09T17:23:02 IST" name="testLogin" data-provider="loginData" finished-at="2023-11-09T17:23:02 IST" duration-ms="78" status="FAIL">
          <exception class="org.testng.internal.reflect.MethodMatcherException">
            <message>
              <![CDATA[
[public void com.TechAssessment02.LoginTest.testLogin(java.lang.String,java.lang.String,boolean)] has no parameters defined but was found to be using a data provider (either explicitly specified or inherited from class level annotation).
Data provider mismatch
Method: testLogin([java.lang.String arg0, java.lang.String arg1, boolean arg2])
Arguments: [(java.lang.String) Vinothbcr74@gmail.com,(java.lang.String) Vinothkumar@74]]]>
            </message>
            <full-stacktrace>
              <![CDATA[org.testng.internal.reflect.MethodMatcherException: 
[public void com.TechAssessment02.LoginTest.testLogin(java.lang.String,java.lang.String,boolean)] has no parameters defined but was found to be using a data provider (either explicitly specified or inherited from class level annotation).
Data provider mismatch
Method: testLogin([java.lang.String arg0, java.lang.String arg1, boolean arg2])
Arguments: [(java.lang.String) Vinothbcr74@gmail.com,(java.lang.String) Vinothkumar@74]
at org.testng.internal.reflect.DataProviderMethodMatcher.getConformingArguments(DataProviderMethodMatcher.java:46)
at org.testng.internal.Parameters.injectParameters(Parameters.java:909)
at org.testng.internal.invokers.MethodRunner.runInSequence(MethodRunner.java:37)
at org.testng.internal.invokers.TestInvoker$MethodInvocationAgent.invoke(TestInvoker.java:957)
at org.testng.internal.invokers.TestInvoker.invokeTestMethods(TestInvoker.java:200)
at org.testng.internal.invokers.TestMethodWorker.invokeTestMethods(TestMethodWorker.java:148)
at org.testng.internal.invokers.TestMethodWorker.run(TestMethodWorker.java:128)
at java.base/java.util.ArrayList.forEach(ArrayList.java:1511)
at org.testng.TestRunner.privateRun(TestRunner.java:848)
at org.testng.TestRunner.run(TestRunner.java:621)
at org.testng.SuiteRunner.runTest(SuiteRunner.java:443)
at org.testng.SuiteRunner.runSequentially(SuiteRunner.java:437)
at org.testng.SuiteRunner.privateRun(SuiteRunner.java:397)
at org.testng.SuiteRunner.run(SuiteRunner.java:336)
at org.testng.SuiteRunnerWorker.runSuite(SuiteRunnerWorker.java:52)
at org.testng.SuiteRunnerWorker.run(SuiteRunnerWorker.java:95)
at org.testng.TestNG.runSuitesSequentially(TestNG.java:1280)
at org.testng.TestNG.runSuitesLocally(TestNG.java:1200)
at org.testng.TestNG.runSuites(TestNG.java:1114)
at org.testng.TestNG.run(TestNG.java:1082)
at org.testng.remote.AbstractRemoteTestNG.run(AbstractRemoteTestNG.java:115)
at org.testng.remote.RemoteTestNG.initAndRun(RemoteTestNG.java:251)
at org.testng.remote.RemoteTestNG.main(RemoteTestNG.java:77)
]]>
            </full-stacktrace>
          </exception> <!-- org.testng.internal.reflect.MethodMatcherException -->
          <reporter-output>
          </reporter-output>
        </test-method> <!-- testLogin -->
        <test-method is-config="true" signature="launch()[pri:0, instance:com.TechAssessment02.RegisterTest@72cc7e6f]" started-at="2023-11-09T17:23:02 IST" name="launch" finished-at="2023-11-09T17:23:09 IST" duration-ms="7182" status="PASS">
          <reporter-output>
          </reporter-output>
        </test-method> <!-- launch -->
        <test-method signature="registerTest(java.lang.String,java.lang.String,java.lang.String,java.lang.String,java.lang.String)[pri:0, instance:com.TechAssessment02.RegisterTest@72cc7e6f]" started-at="2023-11-09T17:23:09 IST" name="registerTest" data-provider="RegisterData" finished-at="2023-11-09T17:23:09 IST" duration-ms="4" status="FAIL">
          <params>
            <param index="0">
              <value>
                <![CDATA[Vinothkumar]]>
              </value>
            </param>
            <param index="1">
              <value>
                <![CDATA[B]]>
              </value>
            </param>
            <param index="2">
              <value>
                <![CDATA[Vinothbcr74@gmail.com]]>
              </value>
            </param>
            <param index="3">
              <value>
                <![CDATA[ Vinothkumar@74]]>
              </value>
            </param>
            <param index="4">
              <value>
                <![CDATA[Vinothkumar@74]]>
              </value>
            </param>
          </params>
          <exception class="java.lang.NullPointerException">
            <message>
              <![CDATA[Cannot invoke "org.openqa.selenium.WebDriver.findElement(org.openqa.selenium.By)" because "this.driver" is null]]>
            </message>
            <full-stacktrace>
              <![CDATA[java.lang.NullPointerException: Cannot invoke "org.openqa.selenium.WebDriver.findElement(org.openqa.selenium.By)" because "this.driver" is null
at com.TechAssessment02.RegisterPage.selectGenderMale(RegisterPage.java:19)
at com.TechAssessment02.RegisterPage.register(RegisterPage.java:43)
at com.TechAssessment02.RegisterTest.registerTest(RegisterTest.java:25)
at java.base/jdk.internal.reflect.NativeMethodAccessorImpl.invoke0(Native Method)
at java.base/jdk.internal.reflect.NativeMethodAccessorImpl.invoke(NativeMethodAccessorImpl.java:77)
at java.base/jdk.internal.reflect.DelegatingMethodAccessorImpl.invoke(DelegatingMethodAccessorImpl.java:43)
at java.base/java.lang.reflect.Method.invoke(Method.java:568)
at org.testng.internal.invokers.MethodInvocationHelper.invokeMethod(MethodInvocationHelper.java:139)
at org.testng.internal.invokers.TestInvoker.invokeMethod(TestInvoker.java:664)
at org.testng.internal.invokers.TestInvoker.invokeTestMethod(TestInvoker.java:227)
at org.testng.internal.invokers.MethodRunner.runInSequence(MethodRunner.java:50)
at org.testng.internal.invokers.TestInvoker$MethodInvocationAgent.invoke(TestInvoker.java:957)
at org.testng.internal.invokers.TestInvoker.invokeTestMethods(TestInvoker.java:200)
at org.testng.internal.invokers.TestMethodWorker.invokeTestMethods(TestMethodWorker.java:148)
at org.testng.internal.invokers.TestMethodWorker.run(TestMethodWorker.java:128)
at java.base/java.util.ArrayList.forEach(ArrayList.java:1511)
at org.testng.TestRunner.privateRun(TestRunner.java:848)
at org.testng.TestRunner.run(TestRunner.java:621)
at org.testng.SuiteRunner.runTest(SuiteRunner.java:443)
at org.testng.SuiteRunner.runSequentially(SuiteRunner.java:437)
at org.testng.SuiteRunner.privateRun(SuiteRunner.java:397)
at org.testng.SuiteRunner.run(SuiteRunner.java:336)
at org.testng.SuiteRunnerWorker.runSuite(SuiteRunnerWorker.java:52)
at org.testng.SuiteRunnerWorker.run(SuiteRunnerWorker.java:95)
at org.testng.TestNG.runSuitesSequentially(TestNG.java:1280)
at org.testng.TestNG.runSuitesLocally(TestNG.java:1200)
at org.testng.TestNG.runSuites(TestNG.java:1114)
at org.testng.TestNG.run(TestNG.java:1082)
at org.testng.remote.AbstractRemoteTestNG.run(AbstractRemoteTestNG.java:115)
at org.testng.remote.RemoteTestNG.initAndRun(RemoteTestNG.java:251)
at org.testng.remote.RemoteTestNG.main(RemoteTestNG.java:77)
]]>
            </full-stacktrace>
          </exception> <!-- java.lang.NullPointerException -->
          <reporter-output>
          </reporter-output>
        </test-method> <!-- registerTest -->
        <test-method is-config="true" signature="dropup()[pri:0, instance:com.TechAssessment02.RegisterTest@72cc7e6f]" started-at="2023-11-09T17:23:09 IST" name="dropup" finished-at="2023-11-09T17:23:09 IST" duration-ms="0" status="PASS">
          <reporter-output>
          </reporter-output>
        </test-method> <!-- dropup -->
      </class> <!-- com.TechAssessment02.RegisterTest -->
      <class name="com.TechAssessment02.LoginTest">
        <test-method is-config="true" signature="launch()[pri:0, instance:com.TechAssessment02.LoginTest@2eae8e6e]" started-at="2023-11-09T17:22:42 IST" name="launch" finished-at="2023-11-09T17:22:51 IST" duration-ms="9241" status="PASS">
          <reporter-output>
          </reporter-output>
        </test-method> <!-- launch -->
        <test-method signature="loginTest(java.lang.String,java.lang.String)[pri:0, instance:com.TechAssessment02.LoginTest@2eae8e6e]" started-at="2023-11-09T17:22:51 IST" name="loginTest" data-provider="loginData" finished-at="2023-11-09T17:22:52 IST" duration-ms="991" status="PASS">
          <params>
            <param index="0">
              <value>
                <![CDATA[Vinothbcr74@gmail.com]]>
              </value>
            </param>
            <param index="1">
              <value>
                <![CDATA[Vinothkumar@74]]>
              </value>
            </param>
          </params>
          <reporter-output>
          </reporter-output>
        </test-method> <!-- loginTest -->
        <test-method is-config="true" signature="dropup()[pri:0, instance:com.TechAssessment02.LoginTest@2eae8e6e]" started-at="2023-11-09T17:22:52 IST" name="dropup" finished-at="2023-11-09T17:22:52 IST" duration-ms="1" status="PASS">
          <reporter-output>
          </reporter-output>
        </test-method> <!-- dropup -->
        <test-method signature="testLogin(java.lang.String,java.lang.String,boolean)[pri:0, instance:com.TechAssessment02.LoginTest@2eae8e6e]" started-at="2023-11-09T17:22:52 IST" name="testLogin" data-provider="loginData" finished-at="2023-11-09T17:22:52 IST" duration-ms="68" status="FAIL">
          <exception class="org.testng.internal.reflect.MethodMatcherException">
            <message>
              <![CDATA[
[public void com.TechAssessment02.LoginTest.testLogin(java.lang.String,java.lang.String,boolean)] has no parameters defined but was found to be using a data provider (either explicitly specified or inherited from class level annotation).
Data provider mismatch
Method: testLogin([java.lang.String arg0, java.lang.String arg1, boolean arg2])
Arguments: [(java.lang.String) Vinothbcr74@gmail.com,(java.lang.String) Vinothkumar@74]]]>
            </message>
            <full-stacktrace>
              <![CDATA[org.testng.internal.reflect.MethodMatcherException: 
[public void com.TechAssessment02.LoginTest.testLogin(java.lang.String,java.lang.String,boolean)] has no parameters defined but was found to be using a data provider (either explicitly specified or inherited from class level annotation).
Data provider mismatch
Method: testLogin([java.lang.String arg0, java.lang.String arg1, boolean arg2])
Arguments: [(java.lang.String) Vinothbcr74@gmail.com,(java.lang.String) Vinothkumar@74]
at org.testng.internal.reflect.DataProviderMethodMatcher.getConformingArguments(DataProviderMethodMatcher.java:46)
at org.testng.internal.Parameters.injectParameters(Parameters.java:909)
at org.testng.internal.invokers.MethodRunner.runInSequence(MethodRunner.java:37)
at org.testng.internal.invokers.TestInvoker$MethodInvocationAgent.invoke(TestInvoker.java:957)
at org.testng.internal.invokers.TestInvoker.invokeTestMethods(TestInvoker.java:200)
at org.testng.internal.invokers.TestMethodWorker.invokeTestMethods(TestMethodWorker.java:148)
at org.testng.internal.invokers.TestMethodWorker.run(TestMethodWorker.java:128)
at java.base/java.util.ArrayList.forEach(ArrayList.java:1511)
at org.testng.TestRunner.privateRun(TestRunner.java:848)
at org.testng.TestRunner.run(TestRunner.java:621)
at org.testng.SuiteRunner.runTest(SuiteRunner.java:443)
at org.testng.SuiteRunner.runSequentially(SuiteRunner.java:437)
at org.testng.SuiteRunner.privateRun(SuiteRunner.java:397)
at org.testng.SuiteRunner.run(SuiteRunner.java:336)
at org.testng.SuiteRunnerWorker.runSuite(SuiteRunnerWorker.java:52)
at org.testng.SuiteRunnerWorker.run(SuiteRunnerWorker.java:95)
at org.testng.TestNG.runSuitesSequentially(TestNG.java:1280)
at org.testng.TestNG.runSuitesLocally(TestNG.java:1200)
at org.testng.TestNG.runSuites(TestNG.java:1114)
at org.testng.TestNG.run(TestNG.java:1082)
at org.testng.remote.AbstractRemoteTestNG.run(AbstractRemoteTestNG.java:115)
at org.testng.remote.RemoteTestNG.initAndRun(RemoteTestNG.java:251)
at org.testng.remote.RemoteTestNG.main(RemoteTestNG.java:77)
]]>
            </full-stacktrace>
          </exception> <!-- org.testng.internal.reflect.MethodMatcherException -->
          <reporter-output>
          </reporter-output>
        </test-method> <!-- testLogin -->
      </class> <!-- com.TechAssessment02.LoginTest -->
    </test> <!-- Test -->
  </suite> <!-- Suite -->
</testng-results>
